<?xml version="1.0" encoding="UTF-8"?>
<!-- Generated by org.testng.reporters.JUnitReportReporter -->
<testsuite hostname="Arjun-PC" name="org.sunbird.testscripts.TC_299" tests="1" failures="0" timestamp="28 Nov 2018 12:03:21 GMT" time="48.063" errors="0">
  <testcase name="rootOrg" time="48.063" classname="org.sunbird.testscripts.TC_299"/>
</testsuite> <!-- org.sunbird.testscripts.TC_299 -->
