<?xml version="1.0" encoding="UTF-8"?>
<!-- Generated by org.testng.reporters.JUnitReportReporter -->
<testsuite hostname="Arjun-PC" name="org.sunbird.testscripts.TC_301" tests="1" failures="0" timestamp="28 Nov 2018 12:03:21 GMT" time="45.733" errors="0">
  <testcase name="rootOrg" time="45.733" classname="org.sunbird.testscripts.TC_301"/>
</testsuite> <!-- org.sunbird.testscripts.TC_301 -->
