<?xml version="1.0" encoding="UTF-8"?>
<!-- Generated by org.testng.reporters.JUnitReportReporter -->
<testsuite hostname="Arjun-PC" name="org.sunbird.testscripts.TC_202" tests="1" failures="0" timestamp="28 Nov 2018 12:03:21 GMT" time="126.877" errors="0">
  <testcase name="memberSearchInBatch" time="126.877" classname="org.sunbird.testscripts.TC_202"/>
</testsuite> <!-- org.sunbird.testscripts.TC_202 -->
