<?xml version="1.0" encoding="UTF-8"?>
<!-- Generated by org.testng.reporters.JUnitReportReporter -->
<testsuite hostname="Arjun-PC" name="org.sunbird.testscripts.TC_289" tests="1" failures="0" timestamp="28 Nov 2018 12:03:21 GMT" time="39.626" errors="0">
  <testcase name="Mentor" time="39.626" classname="org.sunbird.testscripts.TC_289"/>
</testsuite> <!-- org.sunbird.testscripts.TC_289 -->
