<?xml version="1.0" encoding="UTF-8"?>
<!-- Generated by org.testng.reporters.JUnitReportReporter -->
<testsuite hostname="Arjun-PC" name="org.sunbird.testscripts.TC_295" tests="1" failures="0" timestamp="4 Dec 2018 20:49:41 GMT" time="102.253" errors="0">
  <testcase name="TC_295_rootOrg" time="102.253" classname="org.sunbird.testscripts.TC_295"/>
</testsuite> <!-- org.sunbird.testscripts.TC_295 -->
