<?xml version="1.0" encoding="UTF-8"?>
<!-- Generated by org.testng.reporters.JUnitReportReporter -->
<testsuite ignored="0" hostname="MC-S089995" failures="0" tests="1" name="org.ao.testscripts.SearchProduct" time="30.162" errors="0" timestamp="18 Apr 2021 16:57:31 GMT" skipped="0">
  <testcase classname="org.ao.testscripts.SearchProduct" name="SearchProduct" time="30.162"/>
</testsuite> <!-- org.ao.testscripts.SearchProduct -->
