<?xml version="1.0" encoding="UTF-8"?>
<!-- Generated by org.testng.reporters.JUnitReportReporter -->
<testsuite hostname="Arjun-PC" name="org.sunbird.testscripts.TC_293" tests="1" failures="0" timestamp="6 Dec 2018 12:47:09 GMT" time="135.541" errors="0">
  <testcase name="TC_293_rootOrg" time="135.541" classname="org.sunbird.testscripts.TC_293"/>
</testsuite> <!-- org.sunbird.testscripts.TC_293 -->
