<?xml version="1.0" encoding="UTF-8"?>
<!-- Generated by org.testng.reporters.JUnitReportReporter -->
<testsuite hostname="Arjun-PC" name="org.sunbird.testscripts.TC_207" tests="1" failures="0" timestamp="29 Nov 2018 08:51:56 GMT" time="118.186" errors="0">
  <testcase name="TC_207_upForReview" time="118.186" classname="org.sunbird.testscripts.TC_207"/>
</testsuite> <!-- org.sunbird.testscripts.TC_207 -->
