<?xml version="1.0" encoding="UTF-8"?>
<!-- Generated by org.testng.reporters.JUnitReportReporter -->
<testsuite ignored="0" hostname="MC-S089995" failures="0" tests="1" name="org.sunbird.testscripts.SearchProduct" time="25.428" errors="0" timestamp="18 Apr 2021 12:59:44 GMT" skipped="0">
  <testcase classname="org.sunbird.testscripts.SearchProduct" name="SearchProduct" time="25.428"/>
</testsuite> <!-- org.sunbird.testscripts.SearchProduct -->
