<?xml version="1.0" encoding="UTF-8"?>
<!-- Generated by org.testng.reporters.JUnitReportReporter -->
<testsuite hostname="Arjun-PC" name="org.sunbird.testscripts.TC_201" tests="1" failures="0" timestamp="28 Nov 2018 13:05:48 GMT" time="215.792" errors="0">
  <testcase name="memberSearchInBatch" time="215.792" classname="org.sunbird.testscripts.TC_201"/>
</testsuite> <!-- org.sunbird.testscripts.TC_201 -->
